Determining size of off64_t failed with the following output:
Change Dir: C:/Users/johan/Desktop/git/browedit/bromedit/externals/assimp_build/CMakeFiles/CMakeTmp

Run Build Command:"C:/Program Files (x86)/Microsoft Visual Studio/2017/Community/MSBuild/15.0/Bin/MSBuild.exe" "cmTC_d17cc.vcxproj" "/p:Configuration=Debug" "/p:VisualStudioVersion=15.0"
Microsoft (R) Build Engine version 15.8.169+g1ccb72aefa for .NET Framework
Copyright (C) Microsoft Corporation. All rights reserved.

Build started 22-Dec-18 00:56:38.
Project "C:\Users\johan\Desktop\git\browedit\bromedit\externals\assimp_build\CMakeFiles\CMakeTmp\cmTC_d17cc.vcxproj" on node 1 (default targets).
PrepareForBuild:
  Creating directory "cmTC_d17cc.dir\Debug\".
  Creating directory "C:\Users\johan\Desktop\git\browedit\bromedit\externals\assimp_build\CMakeFiles\CMakeTmp\Debug\".
  Creating directory "cmTC_d17cc.dir\Debug\cmTC_d17cc.tlog\".
InitializeBuildStatus:
  Creating "cmTC_d17cc.dir\Debug\cmTC_d17cc.tlog\unsuccessfulbuild" because "AlwaysCreate" was specified.
ClCompile:
  C:\Program Files (x86)\Microsoft Visual Studio\2017\Community\VC\Tools\MSVC\14.15.26726\bin\HostX86\x86\CL.exe /c /Zi /W3 /WX- /diagnostics:classic /Od /Ob0 /Oy- /D WIN32 /D _WINDOWS /D _LARGEFILE64_SOURCE=1 /D HAVE_SYS_TYPES_H /D HAVE_STDINT_H /D HAVE_STDDEF_H /D "CMAKE_INTDIR=\"Debug\"" /D _MBCS /Gm- /RTC1 /MDd /GS /fp:precise /Zc:wchar_t /Zc:forScope /Zc:inline /Fo"cmTC_d17cc.dir\Debug\\" /Fd"cmTC_d17cc.dir\Debug\vc141.pdb" /Gd /TC /analyze- /FC /errorReport:queue C:\Users\johan\Desktop\git\browedit\bromedit\externals\assimp_build\CMakeFiles\CheckTypeSize\OFF64_T.c
  Microsoft (R) C/C++ Optimizing Compiler Version 19.15.26732.1 for x86
  Copyright (C) Microsoft Corporation.  All rights reserved.
  
  cl /c /Zi /W3 /WX- /diagnostics:classic /Od /Ob0 /Oy- /D WIN32 /D _WINDOWS /D _LARGEFILE64_SOURCE=1 /D HAVE_SYS_TYPES_H /D HAVE_STDINT_H /D HAVE_STDDEF_H /D "CMAKE_INTDIR=\"Debug\"" /D _MBCS /Gm- /RTC1 /MDd /GS /fp:precise /Zc:wchar_t /Zc:forScope /Zc:inline /Fo"cmTC_d17cc.dir\Debug\\" /Fd"cmTC_d17cc.dir\Debug\vc141.pdb" /Gd /TC /analyze- /FC /errorReport:queue C:\Users\johan\Desktop\git\browedit\bromedit\externals\assimp_build\CMakeFiles\CheckTypeSize\OFF64_T.c
  OFF64_T.c
  
c:\users\johan\desktop\git\browedit\bromedit\externals\assimp_build\cmakefiles\checktypesize\off64_t.c(25): error C2065: 'off64_t': undeclared identifier [C:\Users\johan\Desktop\git\browedit\bromedit\externals\assimp_build\CMakeFiles\CMakeTmp\cmTC_d17cc.vcxproj]
c:\users\johan\desktop\git\browedit\bromedit\externals\assimp_build\cmakefiles\checktypesize\off64_t.c(26): error C2065: 'off64_t': undeclared identifier [C:\Users\johan\Desktop\git\browedit\bromedit\externals\assimp_build\CMakeFiles\CMakeTmp\cmTC_d17cc.vcxproj]
c:\users\johan\desktop\git\browedit\bromedit\externals\assimp_build\cmakefiles\checktypesize\off64_t.c(27): error C2065: 'off64_t': undeclared identifier [C:\Users\johan\Desktop\git\browedit\bromedit\externals\assimp_build\CMakeFiles\CMakeTmp\cmTC_d17cc.vcxproj]
c:\users\johan\desktop\git\browedit\bromedit\externals\assimp_build\cmakefiles\checktypesize\off64_t.c(28): error C2065: 'off64_t': undeclared identifier [C:\Users\johan\Desktop\git\browedit\bromedit\externals\assimp_build\CMakeFiles\CMakeTmp\cmTC_d17cc.vcxproj]
c:\users\johan\desktop\git\browedit\bromedit\externals\assimp_build\cmakefiles\checktypesize\off64_t.c(29): error C2065: 'off64_t': undeclared identifier [C:\Users\johan\Desktop\git\browedit\bromedit\externals\assimp_build\CMakeFiles\CMakeTmp\cmTC_d17cc.vcxproj]
Done Building Project "C:\Users\johan\Desktop\git\browedit\bromedit\externals\assimp_build\CMakeFiles\CMakeTmp\cmTC_d17cc.vcxproj" (default targets) -- FAILED.

Build FAILED.

"C:\Users\johan\Desktop\git\browedit\bromedit\externals\assimp_build\CMakeFiles\CMakeTmp\cmTC_d17cc.vcxproj" (default target) (1) ->
(ClCompile target) -> 
  c:\users\johan\desktop\git\browedit\bromedit\externals\assimp_build\cmakefiles\checktypesize\off64_t.c(25): error C2065: 'off64_t': undeclared identifier [C:\Users\johan\Desktop\git\browedit\bromedit\externals\assimp_build\CMakeFiles\CMakeTmp\cmTC_d17cc.vcxproj]
  c:\users\johan\desktop\git\browedit\bromedit\externals\assimp_build\cmakefiles\checktypesize\off64_t.c(26): error C2065: 'off64_t': undeclared identifier [C:\Users\johan\Desktop\git\browedit\bromedit\externals\assimp_build\CMakeFiles\CMakeTmp\cmTC_d17cc.vcxproj]
  c:\users\johan\desktop\git\browedit\bromedit\externals\assimp_build\cmakefiles\checktypesize\off64_t.c(27): error C2065: 'off64_t': undeclared identifier [C:\Users\johan\Desktop\git\browedit\bromedit\externals\assimp_build\CMakeFiles\CMakeTmp\cmTC_d17cc.vcxproj]
  c:\users\johan\desktop\git\browedit\bromedit\externals\assimp_build\cmakefiles\checktypesize\off64_t.c(28): error C2065: 'off64_t': undeclared identifier [C:\Users\johan\Desktop\git\browedit\bromedit\externals\assimp_build\CMakeFiles\CMakeTmp\cmTC_d17cc.vcxproj]
  c:\users\johan\desktop\git\browedit\bromedit\externals\assimp_build\cmakefiles\checktypesize\off64_t.c(29): error C2065: 'off64_t': undeclared identifier [C:\Users\johan\Desktop\git\browedit\bromedit\externals\assimp_build\CMakeFiles\CMakeTmp\cmTC_d17cc.vcxproj]

    0 Warning(s)
    5 Error(s)

Time Elapsed 00:00:00.32

C:/Users/johan/Desktop/git/browedit/bromedit/externals/assimp_build/CMakeFiles/CheckTypeSize/OFF64_T.c:
#include <sys/types.h>
#include <stdint.h>
#include <stddef.h>


#undef KEY
#if defined(__i386)
# define KEY '_','_','i','3','8','6'
#elif defined(__x86_64)
# define KEY '_','_','x','8','6','_','6','4'
#elif defined(__ppc__)
# define KEY '_','_','p','p','c','_','_'
#elif defined(__ppc64__)
# define KEY '_','_','p','p','c','6','4','_','_'
#elif defined(__aarch64__)
# define KEY '_','_','a','a','r','c','h','6','4','_','_'
#elif defined(__ARM_ARCH_7A__)
# define KEY '_','_','A','R','M','_','A','R','C','H','_','7','A','_','_'
#elif defined(__ARM_ARCH_7S__)
# define KEY '_','_','A','R','M','_','A','R','C','H','_','7','S','_','_'
#endif

#define SIZE (sizeof(off64_t))
char info_size[] =  {'I', 'N', 'F', 'O', ':', 's','i','z','e','[',
  ('0' + ((SIZE / 10000)%10)),
  ('0' + ((SIZE / 1000)%10)),
  ('0' + ((SIZE / 100)%10)),
  ('0' + ((SIZE / 10)%10)),
  ('0' +  (SIZE    % 10)),
  ']',
#ifdef KEY
  ' ','k','e','y','[', KEY, ']',
#endif
  '\0'};

#ifdef __CLASSIC_C__
int main(argc, argv) int argc; char *argv[];
#else
int main(int argc, char *argv[])
#endif
{
  int require = 0;
  require += info_size[argc];
  (void)argv;
  return require;
}


Determining if the function fseeko exists failed with the following output:
Change Dir: C:/Users/johan/Desktop/git/browedit/bromedit/externals/assimp_build/CMakeFiles/CMakeTmp

Run Build Command:"C:/Program Files (x86)/Microsoft Visual Studio/2017/Community/MSBuild/15.0/Bin/MSBuild.exe" "cmTC_7c39c.vcxproj" "/p:Configuration=Debug" "/p:VisualStudioVersion=15.0"
Microsoft (R) Build Engine version 15.8.169+g1ccb72aefa for .NET Framework
Copyright (C) Microsoft Corporation. All rights reserved.

Build started 22-Dec-18 00:56:38.
Project "C:\Users\johan\Desktop\git\browedit\bromedit\externals\assimp_build\CMakeFiles\CMakeTmp\cmTC_7c39c.vcxproj" on node 1 (default targets).
PrepareForBuild:
  Creating directory "cmTC_7c39c.dir\Debug\".
  Creating directory "C:\Users\johan\Desktop\git\browedit\bromedit\externals\assimp_build\CMakeFiles\CMakeTmp\Debug\".
  Creating directory "cmTC_7c39c.dir\Debug\cmTC_7c39c.tlog\".
InitializeBuildStatus:
  Creating "cmTC_7c39c.dir\Debug\cmTC_7c39c.tlog\unsuccessfulbuild" because "AlwaysCreate" was specified.
ClCompile:
  C:\Program Files (x86)\Microsoft Visual Studio\2017\Community\VC\Tools\MSVC\14.15.26726\bin\HostX86\x86\CL.exe /c /Zi /W3 /WX- /diagnostics:classic /Od /Ob0 /Oy- /D WIN32 /D _WINDOWS /D CHECK_FUNCTION_EXISTS=fseeko /D "CMAKE_INTDIR=\"Debug\"" /D _MBCS /Gm- /RTC1 /MDd /GS /fp:precise /Zc:wchar_t /Zc:forScope /Zc:inline /Fo"cmTC_7c39c.dir\Debug\\" /Fd"cmTC_7c39c.dir\Debug\vc141.pdb" /Gd /TC /analyze- /FC /errorReport:queue "C:\Program Files\CMake\share\cmake-3.10\Modules\CheckFunctionExists.c"
  Microsoft (R) C/C++ Optimizing Compiler Version 19.15.26732.1 for x86
  Copyright (C) Microsoft Corporation.  All rights reserved.
  
  cl /c /Zi /W3 /WX- /diagnostics:classic /Od /Ob0 /Oy- /D WIN32 /D _WINDOWS /D CHECK_FUNCTION_EXISTS=fseeko /D "CMAKE_INTDIR=\"Debug\"" /D _MBCS /Gm- /RTC1 /MDd /GS /fp:precise /Zc:wchar_t /Zc:forScope /Zc:inline /Fo"cmTC_7c39c.dir\Debug\\" /Fd"cmTC_7c39c.dir\Debug\vc141.pdb" /Gd /TC /analyze- /FC /errorReport:queue "C:\Program Files\CMake\share\cmake-3.10\Modules\CheckFunctionExists.c"
  CheckFunctionExists.c
  
Link:
  C:\Program Files (x86)\Microsoft Visual Studio\2017\Community\VC\Tools\MSVC\14.15.26726\bin\HostX86\x86\link.exe /ERRORREPORT:QUEUE /OUT:"C:\Users\johan\Desktop\git\browedit\bromedit\externals\assimp_build\CMakeFiles\CMakeTmp\Debug\cmTC_7c39c.exe" /INCREMENTAL /NOLOGO kernel32.lib user32.lib gdi32.lib winspool.lib shell32.lib ole32.lib oleaut32.lib uuid.lib comdlg32.lib advapi32.lib /MANIFEST /MANIFESTUAC:"level='asInvoker' uiAccess='false'" /manifest:embed /DEBUG /PDB:"C:/Users/johan/Desktop/git/browedit/bromedit/externals/assimp_build/CMakeFiles/CMakeTmp/Debug/cmTC_7c39c.pdb" /SUBSYSTEM:CONSOLE /TLBID:1 /DYNAMICBASE /NXCOMPAT /IMPLIB:"C:/Users/johan/Desktop/git/browedit/bromedit/externals/assimp_build/CMakeFiles/CMakeTmp/Debug/cmTC_7c39c.lib" /MACHINE:X86 /SAFESEH  /machine:X86 cmTC_7c39c.dir\Debug\CheckFunctionExists.obj
CheckFunctionExists.obj : error LNK2019: unresolved external symbol _fseeko referenced in function _main [C:\Users\johan\Desktop\git\browedit\bromedit\externals\assimp_build\CMakeFiles\CMakeTmp\cmTC_7c39c.vcxproj]
C:\Users\johan\Desktop\git\browedit\bromedit\externals\assimp_build\CMakeFiles\CMakeTmp\Debug\cmTC_7c39c.exe : fatal error LNK1120: 1 unresolved externals [C:\Users\johan\Desktop\git\browedit\bromedit\externals\assimp_build\CMakeFiles\CMakeTmp\cmTC_7c39c.vcxproj]
Done Building Project "C:\Users\johan\Desktop\git\browedit\bromedit\externals\assimp_build\CMakeFiles\CMakeTmp\cmTC_7c39c.vcxproj" (default targets) -- FAILED.

Build FAILED.

"C:\Users\johan\Desktop\git\browedit\bromedit\externals\assimp_build\CMakeFiles\CMakeTmp\cmTC_7c39c.vcxproj" (default target) (1) ->
(Link target) -> 
  CheckFunctionExists.obj : error LNK2019: unresolved external symbol _fseeko referenced in function _main [C:\Users\johan\Desktop\git\browedit\bromedit\externals\assimp_build\CMakeFiles\CMakeTmp\cmTC_7c39c.vcxproj]
  C:\Users\johan\Desktop\git\browedit\bromedit\externals\assimp_build\CMakeFiles\CMakeTmp\Debug\cmTC_7c39c.exe : fatal error LNK1120: 1 unresolved externals [C:\Users\johan\Desktop\git\browedit\bromedit\externals\assimp_build\CMakeFiles\CMakeTmp\cmTC_7c39c.vcxproj]

    0 Warning(s)
    2 Error(s)

Time Elapsed 00:00:00.50


Determining if the include file unistd.h exists failed with the following output:
Change Dir: C:/Users/johan/Desktop/git/browedit/bromedit/externals/assimp_build/CMakeFiles/CMakeTmp

Run Build Command:"C:/Program Files (x86)/Microsoft Visual Studio/2017/Community/MSBuild/15.0/Bin/MSBuild.exe" "cmTC_0e3a0.vcxproj" "/p:Configuration=Debug" "/p:VisualStudioVersion=15.0"
Microsoft (R) Build Engine version 15.8.169+g1ccb72aefa for .NET Framework
Copyright (C) Microsoft Corporation. All rights reserved.

Build started 22-Dec-18 00:56:39.
Project "C:\Users\johan\Desktop\git\browedit\bromedit\externals\assimp_build\CMakeFiles\CMakeTmp\cmTC_0e3a0.vcxproj" on node 1 (default targets).
PrepareForBuild:
  Creating directory "cmTC_0e3a0.dir\Debug\".
  Creating directory "C:\Users\johan\Desktop\git\browedit\bromedit\externals\assimp_build\CMakeFiles\CMakeTmp\Debug\".
  Creating directory "cmTC_0e3a0.dir\Debug\cmTC_0e3a0.tlog\".
InitializeBuildStatus:
  Creating "cmTC_0e3a0.dir\Debug\cmTC_0e3a0.tlog\unsuccessfulbuild" because "AlwaysCreate" was specified.
ClCompile:
  C:\Program Files (x86)\Microsoft Visual Studio\2017\Community\VC\Tools\MSVC\14.15.26726\bin\HostX86\x86\CL.exe /c /Zi /W3 /WX- /diagnostics:classic /Od /Ob0 /Oy- /D WIN32 /D _WINDOWS /D "CMAKE_INTDIR=\"Debug\"" /D _MBCS /Gm- /RTC1 /MDd /GS /fp:precise /Zc:wchar_t /Zc:forScope /Zc:inline /Fo"cmTC_0e3a0.dir\Debug\\" /Fd"cmTC_0e3a0.dir\Debug\vc141.pdb" /Gd /TC /analyze- /FC /errorReport:queue C:\Users\johan\Desktop\git\browedit\bromedit\externals\assimp_build\CMakeFiles\CMakeTmp\CheckIncludeFile.c
  Microsoft (R) C/C++ Optimizing Compiler Version 19.15.26732.1 for x86
  Copyright (C) Microsoft Corporation.  All rights reserved.
  
  cl /c /Zi /W3 /WX- /diagnostics:classic /Od /Ob0 /Oy- /D WIN32 /D _WINDOWS /D "CMAKE_INTDIR=\"Debug\"" /D _MBCS /Gm- /RTC1 /MDd /GS /fp:precise /Zc:wchar_t /Zc:forScope /Zc:inline /Fo"cmTC_0e3a0.dir\Debug\\" /Fd"cmTC_0e3a0.dir\Debug\vc141.pdb" /Gd /TC /analyze- /FC /errorReport:queue C:\Users\johan\Desktop\git\browedit\bromedit\externals\assimp_build\CMakeFiles\CMakeTmp\CheckIncludeFile.c
  CheckIncludeFile.c
  
c:\users\johan\desktop\git\browedit\bromedit\externals\assimp_build\cmakefiles\cmaketmp\checkincludefile.c(1): fatal error C1083: Cannot open include file: 'unistd.h': No such file or directory [C:\Users\johan\Desktop\git\browedit\bromedit\externals\assimp_build\CMakeFiles\CMakeTmp\cmTC_0e3a0.vcxproj]
Done Building Project "C:\Users\johan\Desktop\git\browedit\bromedit\externals\assimp_build\CMakeFiles\CMakeTmp\cmTC_0e3a0.vcxproj" (default targets) -- FAILED.

Build FAILED.

"C:\Users\johan\Desktop\git\browedit\bromedit\externals\assimp_build\CMakeFiles\CMakeTmp\cmTC_0e3a0.vcxproj" (default target) (1) ->
(ClCompile target) -> 
  c:\users\johan\desktop\git\browedit\bromedit\externals\assimp_build\cmakefiles\cmaketmp\checkincludefile.c(1): fatal error C1083: Cannot open include file: 'unistd.h': No such file or directory [C:\Users\johan\Desktop\git\browedit\bromedit\externals\assimp_build\CMakeFiles\CMakeTmp\cmTC_0e3a0.vcxproj]

    0 Warning(s)
    1 Error(s)

Time Elapsed 00:00:00.30


